<?xml version="1.0" encoding="UTF-8"?>
<robot generator="Robot 6.1.1 (Python 3.11.4 on win32)" generated="20230831 12:23:39.798" rpa="false" schemaversion="4">
<suite id="s1" name="Suites">
<suite id="s1-s1" name="POMLogin" source="C:\Users\User\PycharmProjects\TestAutomation\TestCases\POMLogin.robot">
<test id="s1-s1-t1" name="Login Test" line="12">
<kw name="Open Browser" library="SeleniumLibrary">
<arg>${siteUrl}</arg>
<arg>${browser}</arg>
<doc>Opens a new browser instance to the optional ``url``.</doc>
<msg timestamp="20230831 12:23:40.354" level="INFO">Opening browser 'chrome' to base url 'https://boxeswala.com/my-account/'.</msg>
<msg timestamp="20230831 12:23:41.445" level="INFO">Cannot capture screenshot because no browser is open.</msg>
<msg timestamp="20230831 12:23:41.445" level="FAIL">NoSuchDriverException: Message: Unable to locate or obtain driver for chrome; For documentation on this error, please visit: https://www.selenium.dev/documentation/webdriver/troubleshooting/errors/driver_location
</msg>
<status status="FAIL" starttime="20230831 12:23:40.353" endtime="20230831 12:23:41.446"/>
</kw>
<kw name="Enter UserName" library="LoginKeywords">
<arg>${user}</arg>
<status status="NOT RUN" starttime="20230831 12:23:41.447" endtime="20230831 12:23:41.447"/>
</kw>
<kw name="Enter Password" library="LoginKeywords">
<arg>${psd}</arg>
<status status="NOT RUN" starttime="20230831 12:23:41.447" endtime="20230831 12:23:41.447"/>
</kw>
<kw name="Click login Button" library="LoginKeywords">
<status status="NOT RUN" starttime="20230831 12:23:41.447" endtime="20230831 12:23:41.447"/>
</kw>
<kw name="Sleep" library="BuiltIn">
<arg>3</arg>
<doc>Pauses the test executed for the given time.</doc>
<status status="NOT RUN" starttime="20230831 12:23:41.447" endtime="20230831 12:23:41.447"/>
</kw>
<kw name="Verify Sucessfully Login" library="LoginKeywords">
<status status="NOT RUN" starttime="20230831 12:23:41.447" endtime="20230831 12:23:41.447"/>
</kw>
<kw name="Close My Browsers" library="LoginKeywords">
<status status="NOT RUN" starttime="20230831 12:23:41.447" endtime="20230831 12:23:41.448"/>
</kw>
<status status="FAIL" starttime="20230831 12:23:40.353" endtime="20230831 12:23:41.448">NoSuchDriverException: Message: Unable to locate or obtain driver for chrome; For documentation on this error, please visit: https://www.selenium.dev/documentation/webdriver/troubleshooting/errors/driver_location
</status>
</test>
<status status="FAIL" starttime="20230831 12:23:39.831" endtime="20230831 12:23:41.449"/>
</suite>
<status status="FAIL" starttime="20230831 12:23:39.808" endtime="20230831 12:23:41.449"/>
</suite>
<statistics>
<total>
<stat pass="0" fail="1" skip="0">All Tests</stat>
</total>
<tag>
</tag>
<suite>
<stat pass="0" fail="1" skip="0" id="s1" name="Suites">Suites</stat>
<stat pass="0" fail="1" skip="0" id="s1-s1" name="POMLogin">Suites.POMLogin</stat>
</suite>
</statistics>
<errors>
</errors>
</robot>
