==============================================================================
Suites                                                                        
==============================================================================
Suites.POMLogin                                                               
==============================================================================
Login Test                                                              
  Traceback (most recent call last):
    ~~~~~~~~~~~~~~~~~~~~~~~~~~~~~~~~~~~~~~~~~~~~~~~~~~~~~~~~~~~~~~~~~~~~~~~~~~
    File  C:\Users\User\PycharmProjects\TestAutomation\TestCases\POMLogin.robot:12
    T:  Login Test    
    ~~~~~~~~~~~~~~~~~~~~~~~~~~~~~~~~~~~~~~~~~~~~~~~~~~~~~~~~~~~~~~~~~~~~~~~~~~
    File  C:\Users\User\PycharmProjects\TestAutomation\TestCases\POMLogin.robot:14
      Open Browser    ${siteUrl}    ${browser}
      |  ${siteUrl} = https://boxeswala.com/my-account/ (str)
      |  ${browser} = chrome (str)
______________________________________________________________________________
| FAIL |
NoSuchDriverException: Message: Unable to locate or obtain driver for chrome; For documentation on this error, please visit: https://www.selenium.dev/documentation/webdriver/troubleshooting/errors/driver_location
------------------------------------------------------------------------------
Suites.POMLogin                                                       | FAIL |
1 test, 0 passed, 1 failed
==============================================================================
Suites                                                                | FAIL |
1 test, 0 passed, 1 failed
==============================================================================
Output:  C:\Users\User\PycharmProjects\TestAutomation\Result\pabot_results\1\output.xml
