==============================================================================
Suites                                                                        
==============================================================================
Suites.Reset Password                                                         
==============================================================================
Verify Reset Password                                                   
  Traceback (most recent call last):
    ~~~~~~~~~~~~~~~~~~~~~~~~~~~~~~~~~~~~~~~~~~~~~~~~~~~~~~~~~~~~~~~~~~~~~~~~~~
    File  C:\Users\User\PycharmProjects\TestAutomation\CMS1\Reset_Password.robot:10
    T:  Verify Reset Password    
    ~~~~~~~~~~~~~~~~~~~~~~~~~~~~~~~~~~~~~~~~~~~~~~~~~~~~~~~~~~~~~~~~~~~~~~~~~~
    File  C:\Users\User\PycharmProjects\TestAutomation\CMS1\Reset_Password.robot:0
      ResetPassword    1234567    1234567
    ~~~~~~~~~~~~~~~~~~~~~~~~~~~~~~~~~~~~~~~~~~~~~~~~~~~~~~~~~~~~~~~~~~~~~~~~~~
    File  C:\Users\User\PycharmProjects\TestAutomation\CMS1\Reset_Password.robot:17
      Page Should Contain    Forgot Password
______________________________________________________________________________
  
  Traceback (most recent call last):
    ~~~~~~~~~~~~~~~~~~~~~~~~~~~~~~~~~~~~~~~~~~~~~~~~~~~~~~~~~~~~~~~~~~~~~~~~~~
    File  C:\Users\User\PycharmProjects\TestAutomation\CMS1\Reset_Password.robot:10
    T:  Verify Reset Password    
    ~~~~~~~~~~~~~~~~~~~~~~~~~~~~~~~~~~~~~~~~~~~~~~~~~~~~~~~~~~~~~~~~~~~~~~~~~~
    File  C:\Users\User\PycharmProjects\TestAutomation\CMS1\Reset_Password.robot:6
      Close Browserer    
______________________________________________________________________________
| FAIL |
Page should have contained text 'Forgot Password' but did not.

Also teardown failed:
No keyword with name 'Close Browserer' found. Did you mean:
    SeleniumLibrary.Close Browser
------------------------------------------------------------------------------
Suites.Reset Password                                                 | FAIL |
1 test, 0 passed, 1 failed
==============================================================================
Suites                                                                | FAIL |
1 test, 0 passed, 1 failed
==============================================================================
Output:  C:\Users\User\PycharmProjects\TestAutomation\pabot_results\2\output.xml
