<?xml version="1.0" encoding="UTF-8"?>
<robot generator="Robot 6.1.1 (Python 3.11.4 on win32)" generated="20230905 22:18:04.580" rpa="false" schemaversion="4">
<suite id="s1" name="Suites">
<suite id="s1-s1" name="Dashboard Section Verify" source="C:\Users\User\PycharmProjects\TestAutomation\CMS1\Dashboard_Section_Verify.robot">
<kw name="Open My Browser" library="CMSkeyword" type="SETUP">
<kw name="Open Browser" library="SeleniumLibrary">
<arg>${CMSURL}</arg>
<arg>${browser}</arg>
<doc>Opens a new browser instance to the optional ``url``.</doc>
<msg timestamp="20230905 22:18:04.786" level="INFO">Opening browser 'headlesschrome' to base url 'https://cms-staging.oneyou.io/auth/login'.</msg>
<status status="PASS" starttime="20230905 22:18:04.786" endtime="20230905 22:18:39.443"/>
</kw>
<kw name="Maximize Browser Window" library="SeleniumLibrary">
<doc>Maximizes current browser window.</doc>
<status status="PASS" starttime="20230905 22:18:39.443" endtime="20230905 22:18:39.598"/>
</kw>
<kw name="Set Selenium Speed" library="SeleniumLibrary">
<arg>0seconds</arg>
<doc>Sets the delay that is waited after each Selenium command.</doc>
<status status="PASS" starttime="20230905 22:18:39.598" endtime="20230905 22:18:39.598"/>
</kw>
<status status="PASS" starttime="20230905 22:18:04.780" endtime="20230905 22:18:39.598"/>
</kw>
<test id="s1-s1-t1" name="Verify Dashboard Section" line="9">
<kw name="Login the Dashboard" library="CMSkeyword">
<kw name="Sleep" library="BuiltIn">
<arg>3seconds</arg>
<doc>Pauses the test executed for the given time.</doc>
<msg timestamp="20230905 22:18:42.605" level="INFO">Slept 3 seconds</msg>
<status status="PASS" starttime="20230905 22:18:39.598" endtime="20230905 22:18:42.605"/>
</kw>
<kw name="Enter Email" library="CMSkeyword">
<arg>mahesh.j@amazatic.com</arg>
<kw name="Input Text" library="SeleniumLibrary">
<arg>${txt_Username}</arg>
<arg>${email}</arg>
<doc>Types the given ``text`` into the text field identified by ``locator``.</doc>
<msg timestamp="20230905 22:18:42.607" level="INFO">Typing text 'mahesh.j@amazatic.com' into text field 'name:email'.</msg>
<status status="PASS" starttime="20230905 22:18:42.606" endtime="20230905 22:18:42.903"/>
</kw>
<status status="PASS" starttime="20230905 22:18:42.606" endtime="20230905 22:18:42.903"/>
</kw>
<kw name="Enter Password" library="CMSkeyword">
<arg>OneYou@123</arg>
<kw name="Input Text" library="SeleniumLibrary">
<arg>${txt_password}</arg>
<arg>${password}</arg>
<doc>Types the given ``text`` into the text field identified by ``locator``.</doc>
<msg timestamp="20230905 22:18:42.911" level="INFO">Typing text 'OneYou@123' into text field 'name:password'.</msg>
<status status="PASS" starttime="20230905 22:18:42.911" endtime="20230905 22:18:43.140"/>
</kw>
<status status="PASS" starttime="20230905 22:18:42.911" endtime="20230905 22:18:43.140"/>
</kw>
<kw name="Click on Sign Button" library="CMSkeyword">
<kw name="Click Button" library="SeleniumLibrary">
<arg>${submit_button}</arg>
<doc>Clicks the button identified by ``locator``.</doc>
<msg timestamp="20230905 22:18:43.140" level="INFO">Clicking button 'xpath://button[@type='submit']'.</msg>
<status status="PASS" starttime="20230905 22:18:43.140" endtime="20230905 22:18:43.342"/>
</kw>
<status status="PASS" starttime="20230905 22:18:43.140" endtime="20230905 22:18:43.342"/>
</kw>
<kw name="Sleep" library="BuiltIn">
<arg>5seconds</arg>
<doc>Pauses the test executed for the given time.</doc>
<msg timestamp="20230905 22:18:48.347" level="INFO">Slept 5 seconds</msg>
<status status="PASS" starttime="20230905 22:18:43.347" endtime="20230905 22:18:48.347"/>
</kw>
<kw name="Dashboard page should be visible" library="CMSkeyword">
<kw name="Page Should Contain" library="SeleniumLibrary">
<arg>Dashboard</arg>
<doc>Verifies that current page contains ``text``.</doc>
<msg timestamp="20230905 22:18:48.423" level="INFO">Current page contains text 'Dashboard'.</msg>
<status status="PASS" starttime="20230905 22:18:48.348" endtime="20230905 22:18:48.423"/>
</kw>
<status status="PASS" starttime="20230905 22:18:48.348" endtime="20230905 22:18:48.432"/>
</kw>
<status status="PASS" starttime="20230905 22:18:39.598" endtime="20230905 22:18:48.432"/>
</kw>
<kw name="Execute Javascript" library="SeleniumLibrary">
<arg>window.scrollTo(0, document.body.scrollHeight)</arg>
<doc>Executes the given JavaScript code with possible arguments.</doc>
<msg timestamp="20230905 22:18:48.432" level="INFO">Executing JavaScript:
window.scrollTo(0, document.body.scrollHeight)
Without any arguments.</msg>
<status status="PASS" starttime="20230905 22:18:48.432" endtime="20230905 22:18:48.445"/>
</kw>
<kw name="Sleep" library="BuiltIn">
<arg>3seconds</arg>
<doc>Pauses the test executed for the given time.</doc>
<msg timestamp="20230905 22:18:51.448" level="INFO">Slept 3 seconds</msg>
<status status="PASS" starttime="20230905 22:18:48.445" endtime="20230905 22:18:51.448"/>
</kw>
<kw name="Execute Javascript" library="SeleniumLibrary">
<arg>window.scrollTo(0, -document.body.scrollHeight)</arg>
<doc>Executes the given JavaScript code with possible arguments.</doc>
<msg timestamp="20230905 22:18:51.449" level="INFO">Executing JavaScript:
window.scrollTo(0, -document.body.scrollHeight)
Without any arguments.</msg>
<status status="PASS" starttime="20230905 22:18:51.448" endtime="20230905 22:18:51.462"/>
</kw>
<kw name="Sleep" library="BuiltIn">
<arg>3seconds</arg>
<doc>Pauses the test executed for the given time.</doc>
<msg timestamp="20230905 22:18:54.463" level="INFO">Slept 3 seconds</msg>
<status status="PASS" starttime="20230905 22:18:51.462" endtime="20230905 22:18:54.463"/>
</kw>
<status status="PASS" starttime="20230905 22:18:39.598" endtime="20230905 22:18:54.463"/>
</test>
<test id="s1-s1-t2" name="Verify Badges" line="16">
<kw name="Select Badges" library="CMSkeyword">
<kw name="Click Element" library="SeleniumLibrary">
<arg>${Sel_badges}</arg>
<doc>Click the element identified by ``locator``.</doc>
<msg timestamp="20230905 22:18:54.466" level="INFO">Clicking element '//div[@class='sc-kAyceB eAbRNa']//img[2]'.</msg>
<status status="PASS" starttime="20230905 22:18:54.466" endtime="20230905 22:18:54.629"/>
</kw>
<status status="PASS" starttime="20230905 22:18:54.466" endtime="20230905 22:18:54.629"/>
</kw>
<kw name="Sleep" library="BuiltIn">
<arg>5seconds</arg>
<doc>Pauses the test executed for the given time.</doc>
<msg timestamp="20230905 22:18:59.629" level="INFO">Slept 5 seconds</msg>
<status status="PASS" starttime="20230905 22:18:54.629" endtime="20230905 22:18:59.629"/>
</kw>
<kw name="Close Badges" library="CMSkeyword">
<kw name="Click Element" library="SeleniumLibrary">
<arg>${Cls_badges}</arg>
<doc>Click the element identified by ``locator``.</doc>
<msg timestamp="20230905 22:18:59.630" level="INFO">Clicking element '//button[@aria-label='Close']'.</msg>
<status status="PASS" starttime="20230905 22:18:59.630" endtime="20230905 22:18:59.737"/>
</kw>
<status status="PASS" starttime="20230905 22:18:59.630" endtime="20230905 22:18:59.737"/>
</kw>
<kw name="Sleep" library="BuiltIn">
<arg>3seconds</arg>
<doc>Pauses the test executed for the given time.</doc>
<msg timestamp="20230905 22:19:02.737" level="INFO">Slept 3 seconds</msg>
<status status="PASS" starttime="20230905 22:18:59.737" endtime="20230905 22:19:02.737"/>
</kw>
<status status="PASS" starttime="20230905 22:18:54.463" endtime="20230905 22:19:02.737"/>
</test>
<test id="s1-s1-t3" name="Verify Progress Graph" line="22">
<kw name="Select 14 days Graph Data" library="CMSkeyword">
<kw name="Click Element" library="SeleniumLibrary">
<arg>${sel_graph14}</arg>
<doc>Click the element identified by ``locator``.</doc>
<msg timestamp="20230905 22:19:02.740" level="INFO">Clicking element 'css:body &gt; div:nth-child(2) &gt; div:nth-child(3) &gt; div:nth-child(1) &gt; div:nth-child(1) &gt; div:nth-child(2) &gt; div:nth-child(2) &gt; section:nth-child(1) &gt; div:nth-child(1) &gt; div:nth-child(2) &gt; div:nth-child(1) &gt; div:nth-child(2)'.</msg>
<msg timestamp="20230905 22:19:03.975" level="INFO" html="true">&lt;/td&gt;&lt;/tr&gt;&lt;tr&gt;&lt;td colspan="3"&gt;&lt;a href="selenium-screenshot-1.png"&gt;&lt;img src="selenium-screenshot-1.png" width="800px"&gt;&lt;/a&gt;</msg>
<msg timestamp="20230905 22:19:03.975" level="FAIL">ElementClickInterceptedException: Message: element click intercepted: Element is not clickable at point (364, 610)
  (Session info: headless chrome=116.0.5845.141)
Stacktrace:
	GetHandleVerifier [0x00007FF6595052A2+57122]
	(No symbol) [0x00007FF65947EA92]
	(No symbol) [0x00007FF65934E3AB]
	(No symbol) [0x00007FF65938D783]
	(No symbol) [0x00007FF65938BD5F]
	(No symbol) [0x00007FF659389DC8]
	(No symbol) [0x00007FF659388FD5]
	(No symbol) [0x00007FF65937F25F]
	(No symbol) [0x00007FF6593A6FDA]
	(No symbol) [0x00007FF65937EB76]
	(No symbol) [0x00007FF6593A71F0]
	(No symbol) [0x00007FF6593BEB82]
	(No symbol) [0x00007FF6593A6DB3]
	(No symbol) [0x00007FF65937D2B1]
	(No symbol) [0x00007FF65937E494]
	GetHandleVerifier [0x00007FF6597AEF82+2849794]
	GetHandleVerifier [0x00007FF659801D24+3189156]
	GetHandleVerifier [0x00007FF6597FACAF+3160367]
	GetHandleVerifier [0x00007FF659596D06+653702]
	(No symbol) [0x00007FF65948A208]
	(No symbol) [0x00007FF6594862C4]
	(No symbol) [0x00007FF6594863F6]
	(No symbol) [0x00007FF6594767A3]
	BaseThreadInitThunk [0x00007FFBBC8F257D+29]
	RtlUserThreadStart [0x00007FFBBE2CAA68+40]
</msg>
<status status="FAIL" starttime="20230905 22:19:02.740" endtime="20230905 22:19:03.981"/>
</kw>
<status status="FAIL" starttime="20230905 22:19:02.737" endtime="20230905 22:19:03.981"/>
</kw>
<kw name="Sleep" library="BuiltIn">
<arg>5seconds</arg>
<doc>Pauses the test executed for the given time.</doc>
<status status="NOT RUN" starttime="20230905 22:19:03.981" endtime="20230905 22:19:03.981"/>
</kw>
<kw name="Select stress Health" library="CMSkeyword">
<status status="NOT RUN" starttime="20230905 22:19:03.981" endtime="20230905 22:19:03.981"/>
</kw>
<kw name="Sleep" library="BuiltIn">
<arg>5seconds</arg>
<doc>Pauses the test executed for the given time.</doc>
<status status="NOT RUN" starttime="20230905 22:19:03.981" endtime="20230905 22:19:03.981"/>
</kw>
<kw name="Select 21 days Graph Data" library="CMSkeyword">
<status status="NOT RUN" starttime="20230905 22:19:03.981" endtime="20230905 22:19:03.981"/>
</kw>
<kw name="Sleep" library="BuiltIn">
<arg>7seconds</arg>
<doc>Pauses the test executed for the given time.</doc>
<status status="NOT RUN" starttime="20230905 22:19:03.981" endtime="20230905 22:19:03.981"/>
</kw>
<kw name="Select 7 days Graph Data" library="CMSkeyword">
<status status="NOT RUN" starttime="20230905 22:19:03.981" endtime="20230905 22:19:03.981"/>
</kw>
<kw name="Sleep" library="BuiltIn">
<arg>7seconds</arg>
<doc>Pauses the test executed for the given time.</doc>
<status status="NOT RUN" starttime="20230905 22:19:03.981" endtime="20230905 22:19:03.981"/>
</kw>
<kw name="Select Mood" library="CMSkeyword">
<status status="NOT RUN" starttime="20230905 22:19:03.981" endtime="20230905 22:19:03.981"/>
</kw>
<kw name="Sleep" library="BuiltIn">
<arg>7seconds</arg>
<doc>Pauses the test executed for the given time.</doc>
<status status="NOT RUN" starttime="20230905 22:19:03.981" endtime="20230905 22:19:03.981"/>
</kw>
<kw name="Select Physical Activity" library="CMSkeyword">
<status status="NOT RUN" starttime="20230905 22:19:03.981" endtime="20230905 22:19:03.981"/>
</kw>
<kw name="Sleep" library="BuiltIn">
<arg>7seconds</arg>
<doc>Pauses the test executed for the given time.</doc>
<status status="NOT RUN" starttime="20230905 22:19:03.989" endtime="20230905 22:19:03.989"/>
</kw>
<kw name="Execute Javascript" library="SeleniumLibrary">
<arg>window.scrollTo(0, document.body.scrollHeight)</arg>
<doc>Executes the given JavaScript code with possible arguments.</doc>
<status status="NOT RUN" starttime="20230905 22:19:03.989" endtime="20230905 22:19:03.989"/>
</kw>
<kw name="Sleep" library="BuiltIn">
<arg>3seconds</arg>
<doc>Pauses the test executed for the given time.</doc>
<status status="NOT RUN" starttime="20230905 22:19:03.989" endtime="20230905 22:19:03.989"/>
</kw>
<status status="FAIL" starttime="20230905 22:19:02.737" endtime="20230905 22:19:03.989">ElementClickInterceptedException: Message: element click intercepted: Element is not clickable at point (364, 610)
  (Session info: headless chrome=116.0.5845.141)
Stacktrace:
	GetHandleVerifier [0x00007FF6595052A2+57122]
	(No symbol) [0x00007FF65947EA92]
	(No symbol) [0x00007FF65934E3AB]
	(No symbol) [0x00007FF65938D783]
	(No symbol) [0x00007FF65938BD5F]
	(No symbol) [0x00007FF659389DC8]
	(No symbol) [0x00007FF659388FD5]
	(No symbol) [0x00007FF65937F25F]
	(No symbol) [0x00007FF6593A6FDA]
	(No symbol) [0x00007FF65937EB76]
	(No symbol) [0x00007FF6593A71F0]
	(No symbol) [0x00007FF6593BEB82]
	(No symbol) [0x00007FF6593A6DB3]
	(No symbol) [0x00007FF65937D2B1]
	(No symbol) [0x00007FF65937E494]
	GetHandleVerifier [0x00007FF6597AEF82+2849794]
	GetHandleVerifier [0x00007FF659801D24+3189156]
	GetHandleVerifier [0x00007FF6597FACAF+3160367]
	GetHandleVerifier [0x00007FF659596D06+653702]
	(No symbol) [0x00007FF65948A208]
	(No symbol) [0x00007FF6594862C4]
	(No symbol) [0x00007FF6594863F6]
	(No symbol) [0x00007FF6594767A3]
	BaseThreadInitThunk [0x00007FFBBC8F257D+29]
	RtlUserThreadStart [0x00007FFBBE2CAA68+40]
</status>
</test>
<test id="s1-s1-t4" name="Verify Goal Breakdown" line="38">
<kw name="Select Goal" library="CMSkeyword">
<kw name="Click Element" library="SeleniumLibrary">
<arg>${Sel_goal}</arg>
<doc>Click the element identified by ``locator``.</doc>
<msg timestamp="20230905 22:19:03.989" level="INFO">Clicking element 'css:body &gt; div:nth-child(2) &gt; div:nth-child(3) &gt; div:nth-child(1) &gt; div:nth-child(1) &gt; section:nth-child(3) &gt; div:nth-child(1) &gt; div:nth-child(2) &gt; div:nth-child(1) &gt; div:nth-child(3)'.</msg>
<msg timestamp="20230905 22:19:05.208" level="INFO" html="true">&lt;/td&gt;&lt;/tr&gt;&lt;tr&gt;&lt;td colspan="3"&gt;&lt;a href="selenium-screenshot-2.png"&gt;&lt;img src="selenium-screenshot-2.png" width="800px"&gt;&lt;/a&gt;</msg>
<msg timestamp="20230905 22:19:05.216" level="FAIL">ElementClickInterceptedException: Message: element click intercepted: Element is not clickable at point (467, 1112)
  (Session info: headless chrome=116.0.5845.141)
Stacktrace:
	GetHandleVerifier [0x00007FF6595052A2+57122]
	(No symbol) [0x00007FF65947EA92]
	(No symbol) [0x00007FF65934E3AB]
	(No symbol) [0x00007FF65938D783]
	(No symbol) [0x00007FF65938BD5F]
	(No symbol) [0x00007FF659389DC8]
	(No symbol) [0x00007FF659388FD5]
	(No symbol) [0x00007FF65937F25F]
	(No symbol) [0x00007FF6593A6FDA]
	(No symbol) [0x00007FF65937EB76]
	(No symbol) [0x00007FF6593A71F0]
	(No symbol) [0x00007FF6593BEB82]
	(No symbol) [0x00007FF6593A6DB3]
	(No symbol) [0x00007FF65937D2B1]
	(No symbol) [0x00007FF65937E494]
	GetHandleVerifier [0x00007FF6597AEF82+2849794]
	GetHandleVerifier [0x00007FF659801D24+3189156]
	GetHandleVerifier [0x00007FF6597FACAF+3160367]
	GetHandleVerifier [0x00007FF659596D06+653702]
	(No symbol) [0x00007FF65948A208]
	(No symbol) [0x00007FF6594862C4]
	(No symbol) [0x00007FF6594863F6]
	(No symbol) [0x00007FF6594767A3]
	BaseThreadInitThunk [0x00007FFBBC8F257D+29]
	RtlUserThreadStart [0x00007FFBBE2CAA68+40]
</msg>
<status status="FAIL" starttime="20230905 22:19:03.989" endtime="20230905 22:19:05.216"/>
</kw>
<status status="FAIL" starttime="20230905 22:19:03.989" endtime="20230905 22:19:05.216"/>
</kw>
<kw name="Sleep" library="BuiltIn">
<arg>3seconds</arg>
<doc>Pauses the test executed for the given time.</doc>
<status status="NOT RUN" starttime="20230905 22:19:05.216" endtime="20230905 22:19:05.216"/>
</kw>
<kw name="Select Checkbox" library="SeleniumLibrary">
<arg>css:body &gt; div:nth-child(2) &gt; div:nth-child(3) &gt; div:nth-child(1) &gt; div:nth-child(1) &gt; section:nth-child(3) &gt; div:nth-child(2) &gt; div:nth-child(1) &gt; div:nth-child(1) &gt; div:nth-child(1) &gt; table:nth-child(1) &gt; tbody:nth-child(2) &gt; tr:nth-child(1) &gt; td:nth-child(1) &gt; input:nth-child(1)</arg>
<doc>Selects the checkbox identified by ``locator``.</doc>
<status status="NOT RUN" starttime="20230905 22:19:05.216" endtime="20230905 22:19:05.216"/>
</kw>
<kw name="Sleep" library="BuiltIn">
<arg>5seconds</arg>
<doc>Pauses the test executed for the given time.</doc>
<status status="NOT RUN" starttime="20230905 22:19:05.216" endtime="20230905 22:19:05.216"/>
</kw>
<kw name="Execute Javascript" library="SeleniumLibrary">
<arg>window.scrollTo(0, -document.body.scrollHeight)</arg>
<doc>Executes the given JavaScript code with possible arguments.</doc>
<status status="NOT RUN" starttime="20230905 22:19:05.216" endtime="20230905 22:19:05.216"/>
</kw>
<kw name="Sleep" library="BuiltIn">
<arg>5seconds</arg>
<doc>Pauses the test executed for the given time.</doc>
<status status="NOT RUN" starttime="20230905 22:19:05.216" endtime="20230905 22:19:05.216"/>
</kw>
<status status="FAIL" starttime="20230905 22:19:03.989" endtime="20230905 22:19:05.216">ElementClickInterceptedException: Message: element click intercepted: Element is not clickable at point (467, 1112)
  (Session info: headless chrome=116.0.5845.141)
Stacktrace:
	GetHandleVerifier [0x00007FF6595052A2+57122]
	(No symbol) [0x00007FF65947EA92]
	(No symbol) [0x00007FF65934E3AB]
	(No symbol) [0x00007FF65938D783]
	(No symbol) [0x00007FF65938BD5F]
	(No symbol) [0x00007FF659389DC8]
	(No symbol) [0x00007FF659388FD5]
	(No symbol) [0x00007FF65937F25F]
	(No symbol) [0x00007FF6593A6FDA]
	(No symbol) [0x00007FF65937EB76]
	(No symbol) [0x00007FF6593A71F0]
	(No symbol) [0x00007FF6593BEB82]
	(No symbol) [0x00007FF6593A6DB3]
	(No symbol) [0x00007FF65937D2B1]
	(No symbol) [0x00007FF65937E494]
	GetHandleVerifier [0x00007FF6597AEF82+2849794]
	GetHandleVerifier [0x00007FF659801D24+3189156]
	GetHandleVerifier [0x00007FF6597FACAF+3160367]
	GetHandleVerifier [0x00007FF659596D06+653702]
	(No symbol) [0x00007FF65948A208]
	(No symbol) [0x00007FF6594862C4]
	(No symbol) [0x00007FF6594863F6]
	(No symbol) [0x00007FF6594767A3]
	BaseThreadInitThunk [0x00007FFBBC8F257D+29]
	RtlUserThreadStart [0x00007FFBBE2CAA68+40]
</status>
</test>
<kw name="Close Browser" library="SeleniumLibrary" type="TEARDOWN">
<doc>Closes the current browser.</doc>
<status status="PASS" starttime="20230905 22:19:05.216" endtime="20230905 22:19:07.296"/>
</kw>
<status status="FAIL" starttime="20230905 22:18:04.608" endtime="20230905 22:19:07.297"/>
</suite>
<status status="FAIL" starttime="20230905 22:18:04.592" endtime="20230905 22:19:07.299"/>
</suite>
<statistics>
<total>
<stat pass="2" fail="2" skip="0">All Tests</stat>
</total>
<tag>
</tag>
<suite>
<stat pass="2" fail="2" skip="0" id="s1" name="Suites">Suites</stat>
<stat pass="2" fail="2" skip="0" id="s1-s1" name="Dashboard Section Verify">Suites.Dashboard Section Verify</stat>
</suite>
</statistics>
<errors>
</errors>
</robot>
