<?xml version="1.0" encoding="UTF-8"?>
<robot generator="Robot 6.1.1 (Python 3.11.4 on win32)" generated="20230905 15:25:30.239" rpa="false" schemaversion="4">
<suite id="s1" name="Suites">
<suite id="s1-s1" name="Dashboard Section Verify" source="C:\Users\User\PycharmProjects\TestAutomation\CMS1\Dashboard_Section_Verify.robot">
<test id="s1-s1-t1" name="Verify Dashboard Section" line="10">
<kw name="Open My Browser" library="CMSkeyword" type="SETUP">
<kw name="Open Browser" library="SeleniumLibrary">
<arg>${CMSURL}</arg>
<arg>${browser}</arg>
<doc>Opens a new browser instance to the optional ``url``.</doc>
<msg timestamp="20230905 15:25:32.876" level="INFO">Opening browser 'headlesschrome' to base url 'https://cms-staging.oneyou.io/auth/login'.</msg>
<status status="PASS" starttime="20230905 15:25:32.875" endtime="20230905 15:26:07.845"/>
</kw>
<kw name="Maximize Browser Window" library="SeleniumLibrary">
<doc>Maximizes current browser window.</doc>
<status status="PASS" starttime="20230905 15:26:07.845" endtime="20230905 15:26:07.993"/>
</kw>
<kw name="Set Selenium Speed" library="SeleniumLibrary">
<arg>0seconds</arg>
<doc>Sets the delay that is waited after each Selenium command.</doc>
<status status="PASS" starttime="20230905 15:26:07.993" endtime="20230905 15:26:07.996"/>
</kw>
<status status="PASS" starttime="20230905 15:25:32.869" endtime="20230905 15:26:07.996"/>
</kw>
<kw name="Dashboard Section">
<arg>mahesh.j@amazatic.com</arg>
<arg>OneYou@123</arg>
<kw name="Sleep" library="BuiltIn">
<arg>3seconds</arg>
<doc>Pauses the test executed for the given time.</doc>
<msg timestamp="20230905 15:26:10.997" level="INFO">Slept 3 seconds</msg>
<status status="PASS" starttime="20230905 15:26:07.997" endtime="20230905 15:26:10.997"/>
</kw>
<kw name="Enter Email" library="CMSkeyword">
<arg>${email}</arg>
<kw name="Input Text" library="SeleniumLibrary">
<arg>${txt_Username}</arg>
<arg>${email}</arg>
<doc>Types the given ``text`` into the text field identified by ``locator``.</doc>
<msg timestamp="20230905 15:26:11.000" level="INFO">Typing text 'mahesh.j@amazatic.com' into text field 'name:email'.</msg>
<status status="PASS" starttime="20230905 15:26:10.998" endtime="20230905 15:26:18.706"/>
</kw>
<status status="PASS" starttime="20230905 15:26:10.997" endtime="20230905 15:26:18.706"/>
</kw>
<kw name="Enter Password" library="CMSkeyword">
<arg>${password}</arg>
<kw name="Input Text" library="SeleniumLibrary">
<arg>${txt_password}</arg>
<arg>${password}</arg>
<doc>Types the given ``text`` into the text field identified by ``locator``.</doc>
<msg timestamp="20230905 15:26:18.710" level="INFO">Typing text 'OneYou@123' into text field 'name:password'.</msg>
<status status="PASS" starttime="20230905 15:26:18.706" endtime="20230905 15:26:18.942"/>
</kw>
<status status="PASS" starttime="20230905 15:26:18.706" endtime="20230905 15:26:18.942"/>
</kw>
<kw name="Click on Sign Button" library="CMSkeyword">
<kw name="Click Button" library="SeleniumLibrary">
<arg>${submit_button}</arg>
<doc>Clicks the button identified by ``locator``.</doc>
<msg timestamp="20230905 15:26:18.947" level="INFO">Clicking button 'xpath://button[@type='submit']'.</msg>
<status status="PASS" starttime="20230905 15:26:18.942" endtime="20230905 15:26:19.145"/>
</kw>
<status status="PASS" starttime="20230905 15:26:18.942" endtime="20230905 15:26:19.145"/>
</kw>
<kw name="Sleep" library="BuiltIn">
<arg>5seconds</arg>
<doc>Pauses the test executed for the given time.</doc>
<msg timestamp="20230905 15:26:24.146" level="INFO">Slept 5 seconds</msg>
<status status="PASS" starttime="20230905 15:26:19.145" endtime="20230905 15:26:24.146"/>
</kw>
<kw name="Dashboard page should be visible" library="CMSkeyword">
<kw name="Page Should Contain" library="SeleniumLibrary">
<arg>Dashboard</arg>
<doc>Verifies that current page contains ``text``.</doc>
<msg timestamp="20230905 15:26:24.180" level="INFO">Current page contains text 'Dashboard'.</msg>
<status status="PASS" starttime="20230905 15:26:24.147" endtime="20230905 15:26:24.180"/>
</kw>
<status status="PASS" starttime="20230905 15:26:24.147" endtime="20230905 15:26:24.180"/>
</kw>
<kw name="Sleep" library="BuiltIn">
<arg>5seconds</arg>
<doc>Pauses the test executed for the given time.</doc>
<msg timestamp="20230905 15:26:29.181" level="INFO">Slept 5 seconds</msg>
<status status="PASS" starttime="20230905 15:26:24.180" endtime="20230905 15:26:29.181"/>
</kw>
<kw name="Execute Javascript" library="SeleniumLibrary">
<arg>window.scrollTo(0, document.body.scrollHeight)</arg>
<doc>Executes the given JavaScript code with possible arguments.</doc>
<msg timestamp="20230905 15:26:29.181" level="INFO">Executing JavaScript:
window.scrollTo(0, document.body.scrollHeight)
Without any arguments.</msg>
<status status="PASS" starttime="20230905 15:26:29.181" endtime="20230905 15:26:29.197"/>
</kw>
<kw name="Sleep" library="BuiltIn">
<arg>3seconds</arg>
<doc>Pauses the test executed for the given time.</doc>
<msg timestamp="20230905 15:26:32.197" level="INFO">Slept 3 seconds</msg>
<status status="PASS" starttime="20230905 15:26:29.197" endtime="20230905 15:26:32.197"/>
</kw>
<kw name="Execute Javascript" library="SeleniumLibrary">
<arg>window.scrollTo(0, -document.body.scrollHeight)</arg>
<doc>Executes the given JavaScript code with possible arguments.</doc>
<msg timestamp="20230905 15:26:32.199" level="INFO">Executing JavaScript:
window.scrollTo(0, -document.body.scrollHeight)
Without any arguments.</msg>
<status status="PASS" starttime="20230905 15:26:32.197" endtime="20230905 15:26:32.208"/>
</kw>
<kw name="Sleep" library="BuiltIn">
<arg>3seconds</arg>
<doc>Pauses the test executed for the given time.</doc>
<msg timestamp="20230905 15:26:35.209" level="INFO">Slept 3 seconds</msg>
<status status="PASS" starttime="20230905 15:26:32.208" endtime="20230905 15:26:35.209"/>
</kw>
<kw name="Select Badges" library="CMSkeyword">
<kw name="Click Element" library="SeleniumLibrary">
<arg>${Sel_badges}</arg>
<doc>Click the element identified by ``locator``.</doc>
<msg timestamp="20230905 15:26:35.211" level="INFO">Clicking element '//div[@class='sc-kAyceB eAbRNa']//img[2]'.</msg>
<status status="PASS" starttime="20230905 15:26:35.210" endtime="20230905 15:26:35.334"/>
</kw>
<status status="PASS" starttime="20230905 15:26:35.209" endtime="20230905 15:26:35.334"/>
</kw>
<kw name="Sleep" library="BuiltIn">
<arg>5seconds</arg>
<doc>Pauses the test executed for the given time.</doc>
<msg timestamp="20230905 15:26:40.335" level="INFO">Slept 5 seconds</msg>
<status status="PASS" starttime="20230905 15:26:35.335" endtime="20230905 15:26:40.335"/>
</kw>
<kw name="Close Badges" library="CMSkeyword">
<kw name="Click Element" library="SeleniumLibrary">
<arg>${Cls_badges}</arg>
<doc>Click the element identified by ``locator``.</doc>
<msg timestamp="20230905 15:26:40.337" level="INFO">Clicking element '//button[@aria-label='Close']'.</msg>
<status status="PASS" starttime="20230905 15:26:40.337" endtime="20230905 15:26:40.480"/>
</kw>
<status status="PASS" starttime="20230905 15:26:40.336" endtime="20230905 15:26:40.480"/>
</kw>
<kw name="Sleep" library="BuiltIn">
<arg>3seconds</arg>
<doc>Pauses the test executed for the given time.</doc>
<msg timestamp="20230905 15:26:43.481" level="INFO">Slept 3 seconds</msg>
<status status="PASS" starttime="20230905 15:26:40.480" endtime="20230905 15:26:43.481"/>
</kw>
<kw name="Select 14 days Graph Data" library="CMSkeyword">
<kw name="Click Element" library="SeleniumLibrary">
<arg>${sel_graph14}</arg>
<doc>Click the element identified by ``locator``.</doc>
<msg timestamp="20230905 15:26:43.483" level="INFO">Clicking element 'css:body &gt; div:nth-child(2) &gt; div:nth-child(3) &gt; div:nth-child(1) &gt; div:nth-child(1) &gt; div:nth-child(2) &gt; div:nth-child(2) &gt; section:nth-child(1) &gt; div:nth-child(1) &gt; div:nth-child(2) &gt; div:nth-child(1) &gt; div:nth-child(2)'.</msg>
<msg timestamp="20230905 15:26:44.765" level="INFO" html="true">&lt;/td&gt;&lt;/tr&gt;&lt;tr&gt;&lt;td colspan="3"&gt;&lt;a href="selenium-screenshot-1.png"&gt;&lt;img src="selenium-screenshot-1.png" width="800px"&gt;&lt;/a&gt;</msg>
<msg timestamp="20230905 15:26:44.765" level="FAIL">ElementClickInterceptedException: Message: element click intercepted: Element is not clickable at point (364, 604)
  (Session info: headless chrome=116.0.5845.141)
Stacktrace:
	GetHandleVerifier [0x00007FF725DA52A2+57122]
	(No symbol) [0x00007FF725D1EA92]
	(No symbol) [0x00007FF725BEE3AB]
	(No symbol) [0x00007FF725C2D783]
	(No symbol) [0x00007FF725C2BD5F]
	(No symbol) [0x00007FF725C29DC8]
	(No symbol) [0x00007FF725C28FD5]
	(No symbol) [0x00007FF725C1F25F]
	(No symbol) [0x00007FF725C46FDA]
	(No symbol) [0x00007FF725C1EB76]
	(No symbol) [0x00007FF725C471F0]
	(No symbol) [0x00007FF725C5EB82]
	(No symbol) [0x00007FF725C46DB3]
	(No symbol) [0x00007FF725C1D2B1]
	(No symbol) [0x00007FF725C1E494]
	GetHandleVerifier [0x00007FF72604EF82+2849794]
	GetHandleVerifier [0x00007FF7260A1D24+3189156]
	GetHandleVerifier [0x00007FF72609ACAF+3160367]
	GetHandleVerifier [0x00007FF725E36D06+653702]
	(No symbol) [0x00007FF725D2A208]
	(No symbol) [0x00007FF725D262C4]
	(No symbol) [0x00007FF725D263F6]
	(No symbol) [0x00007FF725D167A3]
	BaseThreadInitThunk [0x00007FFBBC8F257D+29]
	RtlUserThreadStart [0x00007FFBBE2CAA68+40]
</msg>
<status status="FAIL" starttime="20230905 15:26:43.481" endtime="20230905 15:26:44.784"/>
</kw>
<status status="FAIL" starttime="20230905 15:26:43.481" endtime="20230905 15:26:44.784"/>
</kw>
<kw name="Sleep" library="BuiltIn">
<arg>5seconds</arg>
<doc>Pauses the test executed for the given time.</doc>
<status status="NOT RUN" starttime="20230905 15:26:44.784" endtime="20230905 15:26:44.784"/>
</kw>
<kw name="Select stress Health" library="CMSkeyword">
<status status="NOT RUN" starttime="20230905 15:26:44.784" endtime="20230905 15:26:44.784"/>
</kw>
<kw name="Sleep" library="BuiltIn">
<arg>5seconds</arg>
<doc>Pauses the test executed for the given time.</doc>
<status status="NOT RUN" starttime="20230905 15:26:44.787" endtime="20230905 15:26:44.787"/>
</kw>
<kw name="Select 21 days Graph Data" library="CMSkeyword">
<status status="NOT RUN" starttime="20230905 15:26:44.787" endtime="20230905 15:26:44.787"/>
</kw>
<kw name="Sleep" library="BuiltIn">
<arg>7seconds</arg>
<doc>Pauses the test executed for the given time.</doc>
<status status="NOT RUN" starttime="20230905 15:26:44.787" endtime="20230905 15:26:44.787"/>
</kw>
<kw name="Select 7 days Graph Data" library="CMSkeyword">
<status status="NOT RUN" starttime="20230905 15:26:44.789" endtime="20230905 15:26:44.789"/>
</kw>
<kw name="Sleep" library="BuiltIn">
<arg>7seconds</arg>
<doc>Pauses the test executed for the given time.</doc>
<status status="NOT RUN" starttime="20230905 15:26:44.789" endtime="20230905 15:26:44.789"/>
</kw>
<kw name="Select Mood" library="CMSkeyword">
<status status="NOT RUN" starttime="20230905 15:26:44.789" endtime="20230905 15:26:44.789"/>
</kw>
<kw name="Sleep" library="BuiltIn">
<arg>7seconds</arg>
<doc>Pauses the test executed for the given time.</doc>
<status status="NOT RUN" starttime="20230905 15:26:44.789" endtime="20230905 15:26:44.789"/>
</kw>
<kw name="Select Physical Activity" library="CMSkeyword">
<status status="NOT RUN" starttime="20230905 15:26:44.789" endtime="20230905 15:26:44.789"/>
</kw>
<kw name="Sleep" library="BuiltIn">
<arg>7seconds</arg>
<doc>Pauses the test executed for the given time.</doc>
<status status="NOT RUN" starttime="20230905 15:26:44.789" endtime="20230905 15:26:44.789"/>
</kw>
<kw name="Execute Javascript" library="SeleniumLibrary">
<arg>window.scrollTo(0, document.body.scrollHeight)</arg>
<doc>Executes the given JavaScript code with possible arguments.</doc>
<status status="NOT RUN" starttime="20230905 15:26:44.793" endtime="20230905 15:26:44.794"/>
</kw>
<kw name="Sleep" library="BuiltIn">
<arg>3seconds</arg>
<doc>Pauses the test executed for the given time.</doc>
<status status="NOT RUN" starttime="20230905 15:26:44.794" endtime="20230905 15:26:44.794"/>
</kw>
<kw name="Select Goal" library="CMSkeyword">
<status status="NOT RUN" starttime="20230905 15:26:44.794" endtime="20230905 15:26:44.794"/>
</kw>
<kw name="Sleep" library="BuiltIn">
<arg>3seconds</arg>
<doc>Pauses the test executed for the given time.</doc>
<status status="NOT RUN" starttime="20230905 15:26:44.794" endtime="20230905 15:26:44.794"/>
</kw>
<kw name="Select Checkbox" library="SeleniumLibrary">
<arg>css:body &gt; div:nth-child(2) &gt; div:nth-child(3) &gt; div:nth-child(1) &gt; div:nth-child(1) &gt; section:nth-child(3) &gt; div:nth-child(2) &gt; div:nth-child(1) &gt; div:nth-child(1) &gt; div:nth-child(1) &gt; table:nth-child(1) &gt; tbody:nth-child(2) &gt; tr:nth-child(1) &gt; td:nth-child(1) &gt; input:nth-child(1)</arg>
<doc>Selects the checkbox identified by ``locator``.</doc>
<status status="NOT RUN" starttime="20230905 15:26:44.794" endtime="20230905 15:26:44.794"/>
</kw>
<kw name="Sleep" library="BuiltIn">
<arg>5seconds</arg>
<doc>Pauses the test executed for the given time.</doc>
<status status="NOT RUN" starttime="20230905 15:26:44.794" endtime="20230905 15:26:44.797"/>
</kw>
<kw name="Execute Javascript" library="SeleniumLibrary">
<arg>window.scrollTo(0, -document.body.scrollHeight)</arg>
<doc>Executes the given JavaScript code with possible arguments.</doc>
<status status="NOT RUN" starttime="20230905 15:26:44.797" endtime="20230905 15:26:44.797"/>
</kw>
<kw name="Sleep" library="BuiltIn">
<arg>5seconds</arg>
<doc>Pauses the test executed for the given time.</doc>
<status status="NOT RUN" starttime="20230905 15:26:44.797" endtime="20230905 15:26:44.797"/>
</kw>
<status status="FAIL" starttime="20230905 15:26:07.997" endtime="20230905 15:26:44.797"/>
</kw>
<kw name="Close Browser" library="SeleniumLibrary" type="TEARDOWN">
<doc>Closes the current browser.</doc>
<status status="PASS" starttime="20230905 15:26:44.797" endtime="20230905 15:26:46.879"/>
</kw>
<status status="FAIL" starttime="20230905 15:25:32.864" endtime="20230905 15:26:46.879">ElementClickInterceptedException: Message: element click intercepted: Element is not clickable at point (364, 604)
  (Session info: headless chrome=116.0.5845.141)
Stacktrace:
	GetHandleVerifier [0x00007FF725DA52A2+57122]
	(No symbol) [0x00007FF725D1EA92]
	(No symbol) [0x00007FF725BEE3AB]
	(No symbol) [0x00007FF725C2D783]
	(No symbol) [0x00007FF725C2BD5F]
	(No symbol) [0x00007FF725C29DC8]
	(No symbol) [0x00007FF725C28FD5]
	(No symbol) [0x00007FF725C1F25F]
	(No symbol) [0x00007FF725C46FDA]
	(No symbol) [0x00007FF725C1EB76]
	(No symbol) [0x00007FF725C471F0]
	(No symbol) [0x00007FF725C5EB82]
	(No symbol) [0x00007FF725C46DB3]
	(No symbol) [0x00007FF725C1D2B1]
	(No symbol) [0x00007FF725C1E494]
	GetHandleVerifier [0x00007FF72604EF82+2849794]
	GetHandleVerifier [0x00007FF7260A1D24+3189156]
	GetHandleVerifier [0x00007FF72609ACAF+3160367]
	GetHandleVerifier [0x00007FF725E36D06+653702]
	(No symbol) [0x00007FF725D2A208]
	(No symbol) [0x00007FF725D262C4]
	(No symbol) [0x00007FF725D263F6]
	(No symbol) [0x00007FF725D167A3]
	BaseThreadInitThunk [0x00007FFBBC8F257D+29]
	RtlUserThreadStart [0x00007FFBBE2CAA68+40]
</status>
</test>
<status status="FAIL" starttime="20230905 15:25:30.262" endtime="20230905 15:26:46.879"/>
</suite>
<status status="FAIL" starttime="20230905 15:25:30.247" endtime="20230905 15:26:46.884"/>
</suite>
<statistics>
<total>
<stat pass="0" fail="1" skip="0">All Tests</stat>
</total>
<tag>
</tag>
<suite>
<stat pass="0" fail="1" skip="0" id="s1" name="Suites">Suites</stat>
<stat pass="0" fail="1" skip="0" id="s1-s1" name="Dashboard Section Verify">Suites.Dashboard Section Verify</stat>
</suite>
</statistics>
<errors>
</errors>
</robot>
