<?xml version="1.0" encoding="UTF-8"?>
<robot generator="Robot 6.1.1 (Python 3.11.4 on win32)" generated="20230831 12:23:39.798" rpa="false" schemaversion="4">
<suite id="s1" name="Suites">
<suite id="s1-s1" name="ART" source="C:\Users\User\PycharmProjects\TestAutomation\TestCases\ART.robot">
<test id="s1-s1-t1" name="TestPOM" line="12">
<kw name="open mybrowser" library="RK1">
<arg>${url}</arg>
<arg>${browser}</arg>
<kw name="Open Browser" library="SeleniumLibrary">
<arg>${url}</arg>
<arg>${browser}</arg>
<doc>Opens a new browser instance to the optional ``url``.</doc>
<msg timestamp="20230831 12:23:40.354" level="INFO">Opening browser 'chrome' to base url 'https://demo.automationtesting.in/Register.html'.</msg>
<msg timestamp="20230831 12:23:41.335" level="INFO">Cannot capture screenshot because no browser is open.</msg>
<msg timestamp="20230831 12:23:41.336" level="FAIL">NoSuchDriverException: Message: Unable to locate or obtain driver for chrome; For documentation on this error, please visit: https://www.selenium.dev/documentation/webdriver/troubleshooting/errors/driver_location
</msg>
<status status="FAIL" starttime="20230831 12:23:40.354" endtime="20230831 12:23:41.356"/>
</kw>
<kw name="Maximize Browser Window" library="SeleniumLibrary">
<doc>Maximizes current browser window.</doc>
<status status="NOT RUN" starttime="20230831 12:23:41.356" endtime="20230831 12:23:41.356"/>
</kw>
<kw name="Set Selenium Speed" library="SeleniumLibrary">
<arg>0seconds</arg>
<doc>Sets the delay that is waited after each Selenium command.</doc>
<status status="NOT RUN" starttime="20230831 12:23:41.357" endtime="20230831 12:23:41.357"/>
</kw>
<status status="FAIL" starttime="20230831 12:23:40.354" endtime="20230831 12:23:41.357"/>
</kw>
<kw name="Enter Fname" library="RK1">
<arg>Nilam</arg>
<status status="NOT RUN" starttime="20230831 12:23:41.357" endtime="20230831 12:23:41.357"/>
</kw>
<kw name="Enter Lname" library="RK1">
<arg>Devkar</arg>
<status status="NOT RUN" starttime="20230831 12:23:41.357" endtime="20230831 12:23:41.357"/>
</kw>
<kw name="Enter Address" library="RK1">
<arg>Mumbai, Thane, Wagel Estate, Happy homes, Room no. 2</arg>
<status status="NOT RUN" starttime="20230831 12:23:41.358" endtime="20230831 12:23:41.358"/>
</kw>
<kw name="Enter Email" library="RK1">
<arg>nilamdevkar@gmail.com</arg>
<status status="NOT RUN" starttime="20230831 12:23:41.358" endtime="20230831 12:23:41.358"/>
</kw>
<kw name="Enter Phone Number" library="RK1">
<arg>8650498989</arg>
<status status="NOT RUN" starttime="20230831 12:23:41.358" endtime="20230831 12:23:41.358"/>
</kw>
<kw name="Select Gender" library="RK1">
<arg>FeMale</arg>
<status status="NOT RUN" starttime="20230831 12:23:41.358" endtime="20230831 12:23:41.358"/>
</kw>
<kw name="Select hobbies" library="RK1">
<arg>Movies</arg>
<status status="NOT RUN" starttime="20230831 12:23:41.358" endtime="20230831 12:23:41.358"/>
</kw>
<kw name="Select Skills" library="RK1">
<arg>C++</arg>
<status status="NOT RUN" starttime="20230831 12:23:41.358" endtime="20230831 12:23:41.358"/>
</kw>
<kw name="Select Country" library="RK1">
<arg>India</arg>
<status status="NOT RUN" starttime="20230831 12:23:41.358" endtime="20230831 12:23:41.360"/>
</kw>
<kw name="Select Date Of Birth Year" library="RK1">
<arg>1993</arg>
<status status="NOT RUN" starttime="20230831 12:23:41.360" endtime="20230831 12:23:41.360"/>
</kw>
<kw name="Select Date Of Birth Month" library="RK1">
<arg>July</arg>
<status status="NOT RUN" starttime="20230831 12:23:41.360" endtime="20230831 12:23:41.360"/>
</kw>
<kw name="Select Date Of Birth Day" library="RK1">
<arg>5</arg>
<status status="NOT RUN" starttime="20230831 12:23:41.360" endtime="20230831 12:23:41.360"/>
</kw>
<kw name="Enter Password" library="RK1">
<arg>admin</arg>
<status status="NOT RUN" starttime="20230831 12:23:41.360" endtime="20230831 12:23:41.360"/>
</kw>
<kw name="Enter Confirm Password" library="RK1">
<arg>admin</arg>
<status status="NOT RUN" starttime="20230831 12:23:41.361" endtime="20230831 12:23:41.361"/>
</kw>
<kw name="Submit Button" library="RK1">
<status status="NOT RUN" starttime="20230831 12:23:41.361" endtime="20230831 12:23:41.361"/>
</kw>
<kw name="close mybrowser" library="RK1">
<status status="NOT RUN" starttime="20230831 12:23:41.361" endtime="20230831 12:23:41.361"/>
</kw>
<status status="FAIL" starttime="20230831 12:23:40.353" endtime="20230831 12:23:41.361">NoSuchDriverException: Message: Unable to locate or obtain driver for chrome; For documentation on this error, please visit: https://www.selenium.dev/documentation/webdriver/troubleshooting/errors/driver_location
</status>
</test>
<status status="FAIL" starttime="20230831 12:23:39.831" endtime="20230831 12:23:41.361"/>
</suite>
<status status="FAIL" starttime="20230831 12:23:39.808" endtime="20230831 12:23:41.362"/>
</suite>
<statistics>
<total>
<stat pass="0" fail="1" skip="0">All Tests</stat>
</total>
<tag>
</tag>
<suite>
<stat pass="0" fail="1" skip="0" id="s1" name="Suites">Suites</stat>
<stat pass="0" fail="1" skip="0" id="s1-s1" name="ART">Suites.ART</stat>
</suite>
</statistics>
<errors>
</errors>
</robot>
