==============================================================================
Suites                                                                        
==============================================================================
Suites.ART                                                                    
==============================================================================
TestPOM                                                                 
  Traceback (most recent call last):
    ~~~~~~~~~~~~~~~~~~~~~~~~~~~~~~~~~~~~~~~~~~~~~~~~~~~~~~~~~~~~~~~~~~~~~~~~~~
    File  C:\Users\User\PycharmProjects\TestAutomation\TestCases\ART.robot:12
    T:  TestPOM    
    ~~~~~~~~~~~~~~~~~~~~~~~~~~~~~~~~~~~~~~~~~~~~~~~~~~~~~~~~~~~~~~~~~~~~~~~~~~
    File  C:\Users\User\PycharmProjects\TestAutomation\TestCases\ART.robot:14
      open mybrowser    ${url}    ${browser}
      |  ${url} = https://demo.automationtesting.in/Register.html (str)
      |  ${browser} = chrome (str)
    ~~~~~~~~~~~~~~~~~~~~~~~~~~~~~~~~~~~~~~~~~~~~~~~~~~~~~~~~~~~~~~~~~~~~~~~~~~
    File  C:\Users\User\PycharmProjects\TestAutomation\Resoures\RK1.robot:9
      Open Browser    ${url}    ${browser}
      |  ${url} = https://demo.automationtesting.in/Register.html (str)
      |  ${browser} = chrome (str)
______________________________________________________________________________
| FAIL |
NoSuchDriverException: Message: Unable to locate or obtain driver for chrome; For documentation on this error, please visit: https://www.selenium.dev/documentation/webdriver/troubleshooting/errors/driver_location
------------------------------------------------------------------------------
Suites.ART                                                            | FAIL |
1 test, 0 passed, 1 failed
==============================================================================
Suites                                                                | FAIL |
1 test, 0 passed, 1 failed
==============================================================================
Output:  C:\Users\User\PycharmProjects\TestAutomation\Result\pabot_results\0\output.xml
